{"C:\\Users\\10117153\\Documents\\jest\\jestTest.js": {"path":"C:\\Users\\10117153\\Documents\\jest\\jestTest.js","statementMap":{"0":{"start":{"line":1,"column":17},"end":{"line":1,"column":29}},"1":{"start":{"line":1,"column":23},"end":{"line":1,"column":29}},"2":{"start":{"line":3,"column":0},"end":{"line":3,"column":30}}},"fnMap":{"0":{"name":"(anonymous_0)","decl":{"start":{"line":1,"column":17},"end":{"line":1,"column":18}},"loc":{"start":{"line":1,"column":23},"end":{"line":1,"column":29}},"line":1}},"branchMap":{},"s":{"0":1,"1":1,"2":1},"f":{"0":1},"b":{},"_coverageSchema":"332fd63041d2c1bcb487cc26dd0d5f7d97098a6c","hash":"f81cbffa64fb41a7eb871b9878e41912a77bd369"}
}
